# JRE version: OpenJDK Runtime Environment (11.0.11+9) (build 11.0.11+9-b60-7590822)
# Java VM: OpenJDK 64-Bit Server VM (11.0.11+9-b60-7590822, mixed mode, tiered, compressed oops, g1 gc, windows-amd64)
Heap:
 garbage-first heap   total 252928K, used 112636K [0x0000000080000000, 0x0000000100000000)
  region size 1024K, 17 young (17408K), 2 survivors (2048K)
 Metaspace       used 112600K, capacity 115225K, committed 116348K, reserved 1150976K
  class space    used 14191K, capacity 15239K, committed 15616K, reserved 1048576K
GC Heap History (20 events):
Event: 84.647 GC heap before
{Heap before GC invocations=79 (full 0):
 garbage-first heap   total 199680K, used 195713K [0x0000000080000000, 0x0000000100000000)
  region size 1024K, 43 young (44032K), 6 survivors (6144K)
 Metaspace       used 93369K, capacity 95501K, committed 95612K, reserved 1132544K
  class space    used 11712K, capacity 12503K, committed 12544K, reserved 1048576K
}
Event: 84.655 GC heap after
{Heap after GC invocations=80 (full 0):
 garbage-first heap   total 199680K, used 106189K [0x0000000080000000, 0x0000000100000000)
  region size 1024K, 1 young (1024K), 1 survivors (1024K)
 Metaspace       used 93369K, capacity 95501K, committed 95612K, reserved 1132544K
  class space    used 11712K, capacity 12503K, committed 12544K, reserved 1048576K
}
Event: 85.425 GC heap before
{Heap before GC invocations=80 (full 0):
 garbage-first heap   total 199680K, used 114381K [0x0000000080000000, 0x0000000100000000)
  region size 1024K, 9 young (9216K), 1 survivors (1024K)
 Metaspace       used 93778K, capacity 95957K, committed 96252K, reserved 1132544K
  class space    used 11759K, capacity 12570K, committed 12672K, reserved 1048576K
}
Event: 85.431 GC heap after
{Heap after GC invocations=81 (full 0):
 garbage-first heap   total 199680K, used 93958K [0x0000000080000000, 0x0000000100000000)
  region size 1024K, 1 young (1024K), 1 survivors (1024K)
 Metaspace       used 93778K, capacity 95957K, committed 96252K, reserved 1132544K
  class space    used 11759K, capacity 12570K, committed 12672K, reserved 1048576K
}
Event: 90.593 GC heap before
{Heap before GC invocations=81 (full 0):
 garbage-first heap   total 199680K, used 149254K [0x0000000080000000, 0x0000000100000000)
  region size 1024K, 56 young (57344K), 1 survivors (1024K)
 Metaspace       used 97249K, capacity 99379K, committed 99452K, reserved 1136640K
  class space    used 12194K, capacity 13001K, committed 13056K, reserved 1048576K
}
Event: 90.606 GC heap after
{Heap after GC invocations=82 (full 0):
 garbage-first heap   total 199680K, used 95045K [0x0000000080000000, 0x0000000100000000)
  region size 1024K, 2 young (2048K), 2 survivors (2048K)
 Metaspace       used 97249K, capacity 99379K, committed 99452K, reserved 1136640K
  class space    used 12194K, capacity 13001K, committed 13056K, reserved 1048576K
}
Event: 101.164 GC heap before
{Heap before GC invocations=83 (full 0):
 garbage-first heap   total 199680K, used 149317K [0x0000000080000000, 0x0000000100000000)
  region size 1024K, 59 young (60416K), 2 survivors (2048K)
 Metaspace       used 99272K, capacity 101524K, committed 101756K, reserved 1138688K
  class space    used 12391K, capacity 13249K, committed 13312K, reserved 1048576K
}
Event: 101.188 GC heap after
{Heap after GC invocations=84 (full 0):
 garbage-first heap   total 199680K, used 95763K [0x0000000080000000, 0x0000000100000000)
  region size 1024K, 6 young (6144K), 6 survivors (6144K)
 Metaspace       used 99272K, capacity 101524K, committed 101756K, reserved 1138688K
  class space    used 12391K, capacity 13249K, committed 13312K, reserved 1048576K
}
Event: 101.793 GC heap before
{Heap before GC invocations=84 (full 0):
 garbage-first heap   total 199680K, used 97811K [0x0000000080000000, 0x0000000100000000)
  region size 1024K, 9 young (9216K), 6 survivors (6144K)
 Metaspace       used 99297K, capacity 101524K, committed 101756K, reserved 1138688K
  class space    used 12391K, capacity 13249K, committed 13312K, reserved 1048576K
}
Event: 101.874 GC heap after
{Heap after GC invocations=85 (full 0):
 garbage-first heap   total 199680K, used 90663K [0x0000000080000000, 0x0000000100000000)
  region size 1024K, 1 young (1024K), 1 survivors (1024K)
 Metaspace       used 99297K, capacity 101524K, committed 101756K, reserved 1138688K
  class space    used 12391K, capacity 13249K, committed 13312K, reserved 1048576K
}
Event: 108.408 GC heap before
{Heap before GC invocations=85 (full 0):
 garbage-first heap   total 199680K, used 151079K [0x0000000080000000, 0x0000000100000000)
  region size 1024K, 61 young (62464K), 1 survivors (1024K)
 Metaspace       used 109056K, capacity 111819K, committed 111996K, reserved 1146880K
  class space    used 13983K, capacity 15085K, committed 15104K, reserved 1048576K
}
Event: 108.430 GC heap after
{Heap after GC invocations=86 (full 0):
 garbage-first heap   total 199680K, used 93997K [0x0000000080000000, 0x0000000100000000)
  region size 1024K, 4 young (4096K), 4 survivors (4096K)
 Metaspace       used 109056K, capacity 111819K, committed 111996K, reserved 1146880K
  class space    used 13983K, capacity 15085K, committed 15104K, reserved 1048576K
}
Event: 112.556 GC heap before
{Heap before GC invocations=87 (full 0):
 garbage-first heap   total 199680K, used 157485K [0x0000000080000000, 0x0000000100000000)
  region size 1024K, 67 young (68608K), 4 survivors (4096K)
 Metaspace       used 112177K, capacity 115180K, committed 115324K, reserved 1148928K
  class space    used 14359K, capacity 15554K, committed 15616K, reserved 1048576K
}
Event: 112.618 GC heap after
{Heap after GC invocations=88 (full 0):
 garbage-first heap   total 199680K, used 93548K [0x0000000080000000, 0x0000000100000000)
  region size 1024K, 4 young (4096K), 4 survivors (4096K)
 Metaspace       used 112177K, capacity 115180K, committed 115324K, reserved 1148928K
  class space    used 14359K, capacity 15554K, committed 15616K, reserved 1048576K
}
Event: 116.026 GC heap before
{Heap before GC invocations=88 (full 0):
 garbage-first heap   total 199680K, used 158060K [0x0000000080000000, 0x0000000100000000)
  region size 1024K, 68 young (69632K), 4 survivors (4096K)
 Metaspace       used 112653K, capacity 115640K, committed 115836K, reserved 1148928K
  class space    used 14368K, capacity 15564K, committed 15616K, reserved 1048576K
}
Event: 116.334 GC heap after
{Heap after GC invocations=89 (full 0):
 garbage-first heap   total 199680K, used 99159K [0x0000000080000000, 0x0000000100000000)
  region size 1024K, 9 young (9216K), 9 survivors (9216K)
 Metaspace       used 112653K, capacity 115640K, committed 115836K, reserved 1148928K
  class space    used 14368K, capacity 15564K, committed 15616K, reserved 1048576K
}
Event: 118.113 GC heap before
{Heap before GC invocations=90 (full 0):
 garbage-first heap   total 199680K, used 162647K [0x0000000080000000, 0x0000000100000000)
  region size 1024K, 71 young (72704K), 9 survivors (9216K)
 Metaspace       used 112978K, capacity 115928K, committed 116092K, reserved 1150976K
  class space    used 14370K, capacity 15565K, committed 15616K, reserved 1048576K
}
Event: 118.237 GC heap after
{Heap after GC invocations=91 (full 0):
 garbage-first heap   total 199680K, used 98215K [0x0000000080000000, 0x0000000100000000)
  region size 1024K, 2 young (2048K), 2 survivors (2048K)
 Metaspace       used 112978K, capacity 115928K, committed 116092K, reserved 1150976K
  class space    used 14370K, capacity 15565K, committed 15616K, reserved 1048576K
}
Event: 120.191 GC heap before
{Heap before GC invocations=91 (full 0):
 garbage-first heap   total 199680K, used 162727K [0x0000000080000000, 0x0000000100000000)
  region size 1024K, 65 young (66560K), 2 survivors (2048K)
 Metaspace       used 113076K, capacity 116019K, committed 116092K, reserved 1150976K
  class space    used 14377K, capacity 15573K, committed 15616K, reserved 1048576K
}
Event: 120.198 GC heap after
{Heap after GC invocations=92 (full 0):
 garbage-first heap   total 252928K, used 97615K [0x0000000080000000, 0x0000000100000000)
  region size 1024K, 1 young (1024K), 1 survivors (1024K)
 Metaspace       used 113076K, capacity 116019K, committed 116092K, reserved 1150976K
  class space    used 14377K, capacity 15573K, committed 15616K, reserved 1048576K
}

